Build started 1/22/2014 10:14:11 AM.
     1>Project "C:\Projects\ServerSorry\ServerSorry\ServerSorry.vcxproj" on node 2 (build target(s)).
     1>InitializeBuildStatus:
         Touching "Release\ServerSorry.unsuccessfulbuild".
       ClCompile:
         All outputs are up-to-date.
       Link:
         C:\Program Files\Microsoft Visual Studio 10.0\VC\bin\link.exe /ERRORREPORT:PROMPT /OUT:"C:\Projects\ServerSorry\Release\ServerSorry.exe" /NOLOGO Ws2_32.lib pthreadVC2.lib kernel32.lib user32.lib gdi32.lib winspool.lib comdlg32.lib advapi32.lib shell32.lib ole32.lib oleaut32.lib uuid.lib odbc32.lib odbccp32.lib /MANIFEST /ManifestFile:"Release\ServerSorry.exe.intermediate.manifest" /MANIFESTUAC:"level='asInvoker' uiAccess='false'" /DEBUG /PDB:"C:\Projects\ServerSorry\Release\ServerSorry.pdb" /OPT:REF /OPT:ICF /TLBID:1 /DYNAMICBASE /NXCOMPAT /IMPLIB:"C:\Projects\ServerSorry\Release\ServerSorry.lib" /MACHINE:X86 Release\main.obj
         Release\NetworkTCP.obj
         Release\ServerProcess.obj
         Release\StreamHandler.obj
         ServerSorry.vcxproj -> C:\Projects\ServerSorry\Release\ServerSorry.exe
       Manifest:
         C:\Program Files\Microsoft SDKs\Windows\v7.0A\bin\mt.exe /nologo /verbose /outputresource:"C:\Projects\ServerSorry\Release\ServerSorry.exe;#1" /manifest Release\ServerSorry.exe.intermediate.manifest
       FinalizeBuildStatus:
         Deleting file "Release\ServerSorry.unsuccessfulbuild".
         Touching "Release\ServerSorry.lastbuildstate".
     1>Done Building Project "C:\Projects\ServerSorry\ServerSorry\ServerSorry.vcxproj" (build target(s)).

Build succeeded.

Time Elapsed 00:00:01.29
