Build started 3/9/2014 3:33:29 PM.
     1>Project "C:\Projects\ServerSorry\ServerSorry\ServerSorry.vcxproj" on node 2 (build target(s)).
     1>InitializeBuildStatus:
         Creating "Debug\ServerSorry.unsuccessfulbuild" because "AlwaysCreate" was specified.
       ClCompile:
         C:\Program Files\Microsoft Visual Studio 10.0\VC\bin\CL.exe /c /ZI /nologo /W3 /WX- /Od /Oy- /D _MBCS /Gm /EHsc /RTC1 /MDd /GS /fp:precise /Zc:wchar_t /Zc:forScope /Fo"Debug\\" /Fd"Debug\vc100.pdb" /Gd /TP /analyze- /errorReport:prompt NetworkTCP.cpp
         NetworkTCP.cpp
     1>c:\projects\serversorry\serversorry\networktcp.cpp(121): warning C4018: '<' : signed/unsigned mismatch
     1>c:\projects\serversorry\serversorry\networktcp.cpp(230): warning C4101: 'retValue' : unreferenced local variable
       Link:
         C:\Program Files\Microsoft Visual Studio 10.0\VC\bin\link.exe /ERRORREPORT:PROMPT /OUT:"C:\Projects\ServerSorry\Debug\ServerSorry.exe" /NOLOGO Ws2_32.lib pthreadVC2.lib kernel32.lib user32.lib gdi32.lib winspool.lib comdlg32.lib advapi32.lib shell32.lib ole32.lib oleaut32.lib uuid.lib odbc32.lib odbccp32.lib /MANIFEST /ManifestFile:"Debug\ServerSorry.exe.intermediate.manifest" /MANIFESTUAC:"level='asInvoker' uiAccess='false'" /DEBUG /PDB:"C:\Projects\ServerSorry\Debug\ServerSorry.pdb" /TLBID:1 /DYNAMICBASE /NXCOMPAT /IMPLIB:"C:\Projects\ServerSorry\Debug\ServerSorry.lib" /MACHINE:X86 Debug\main.obj
         Debug\NetworkTCP.obj
         Debug\ServerProcess.obj
         Debug\StreamHandler.obj
         LINK : C:\Projects\ServerSorry\Debug\ServerSorry.exe not found or not built by the last incremental link; performing full link
         ServerSorry.vcxproj -> C:\Projects\ServerSorry\Debug\ServerSorry.exe
       Manifest:
         C:\Program Files\Microsoft SDKs\Windows\v7.0A\bin\mt.exe /nologo /verbose /outputresource:"C:\Projects\ServerSorry\Debug\ServerSorry.exe;#1" /manifest Debug\ServerSorry.exe.intermediate.manifest
       FinalizeBuildStatus:
         Deleting file "Debug\ServerSorry.unsuccessfulbuild".
         Touching "Debug\ServerSorry.lastbuildstate".
     1>Done Building Project "C:\Projects\ServerSorry\ServerSorry\ServerSorry.vcxproj" (build target(s)).

Build succeeded.

Time Elapsed 00:00:05.86
